<?xml version="1.0" encoding="UTF-8"?>
<testsuite xmlns:xsi="http://www.w3.org/2001/XMLSchema-instance" xsi:noNamespaceSchemaLocation="https://maven.apache.org/surefire/maven-surefire-plugin/xsd/surefire-test-report-3.0.xsd" version="3.0" name="QuadraticCombinatorialTest" time="0.095" tests="19" errors="0" skipped="0" failures="0">
  <properties>
    <property name="java.specification.version" value="21"/>
    <property name="sun.cpu.isalist" value="amd64"/>
    <property name="sun.jnu.encoding" value="GBK"/>
    <property name="java.class.path" value="C:\Users\liu lei\testingproject\target\test-classes;C:\Users\liu lei\testingproject\target\classes;C:\Users\liu lei\.m2\repository\junit\junit\4.13.2\junit-4.13.2.jar;C:\Users\liu lei\.m2\repository\org\hamcrest\hamcrest-core\1.3\hamcrest-core-1.3.jar;C:\Users\liu lei\.m2\repository\org\hamcrest\hamcrest\2.2\hamcrest-2.2.jar;"/>
    <property name="java.vm.vendor" value="Oracle Corporation"/>
    <property name="sun.arch.data.model" value="64"/>
    <property name="user.variant" value=""/>
    <property name="java.vendor.url" value="https://java.oracle.com/"/>
    <property name="user.timezone" value="America/Toronto"/>
    <property name="os.name" value="Windows 11"/>
    <property name="java.vm.specification.version" value="21"/>
    <property name="sun.java.launcher" value="SUN_STANDARD"/>
    <property name="user.country" value="CN"/>
    <property name="sun.boot.library.path" value="C:\Program Files\Java\jdk-21\bin"/>
    <property name="sun.java.command" value="C:\Users\liu lei\AppData\Local\Temp\surefire5452089196259785449\surefirebooter-20250413014349463_3.jar C:\Users\liu lei\AppData\Local\Temp\surefire5452089196259785449 2025-04-13T01-43-49_361-jvmRun1 surefire-20250413014349463_1tmp surefire_0-20250413014349463_2tmp"/>
    <property name="jdk.debug" value="release"/>
    <property name="test" value="QuadraticCombinatorialTest"/>
    <property name="surefire.test.class.path" value="C:\Users\liu lei\testingproject\target\test-classes;C:\Users\liu lei\testingproject\target\classes;C:\Users\liu lei\.m2\repository\junit\junit\4.13.2\junit-4.13.2.jar;C:\Users\liu lei\.m2\repository\org\hamcrest\hamcrest-core\1.3\hamcrest-core-1.3.jar;C:\Users\liu lei\.m2\repository\org\hamcrest\hamcrest\2.2\hamcrest-2.2.jar;"/>
    <property name="sun.cpu.endian" value="little"/>
    <property name="user.home" value="C:\Users\liu lei"/>
    <property name="user.language" value="zh"/>
    <property name="java.specification.vendor" value="Oracle Corporation"/>
    <property name="java.version.date" value="2025-01-21"/>
    <property name="java.home" value="C:\Program Files\Java\jdk-21"/>
    <property name="file.separator" value="\"/>
    <property name="basedir" value="C:\Users\liu lei\testingproject"/>
    <property name="java.vm.compressedOopsMode" value="Zero based"/>
    <property name="line.separator" value="&#10;"/>
    <property name="java.vm.specification.vendor" value="Oracle Corporation"/>
    <property name="java.specification.name" value="Java Platform API Specification"/>
    <property name="surefire.real.class.path" value="C:\Users\liu lei\AppData\Local\Temp\surefire5452089196259785449\surefirebooter-20250413014349463_3.jar"/>
    <property name="user.script" value=""/>
    <property name="sun.management.compiler" value="HotSpot 64-Bit Tiered Compilers"/>
    <property name="java.runtime.version" value="21.0.6+8-LTS-188"/>
    <property name="user.name" value="liu lei"/>
    <property name="stdout.encoding" value="GBK"/>
    <property name="path.separator" value=";"/>
    <property name="os.version" value="10.0"/>
    <property name="java.runtime.name" value="Java(TM) SE Runtime Environment"/>
    <property name="file.encoding" value="UTF-8"/>
    <property name="java.vm.name" value="Java HotSpot(TM) 64-Bit Server VM"/>
    <property name="localRepository" value="C:\Users\liu lei\.m2\repository"/>
    <property name="java.vendor.url.bug" value="https://bugreport.java.com/bugreport/"/>
    <property name="java.io.tmpdir" value="C:\Users\LIULEI~1\AppData\Local\Temp\"/>
    <property name="java.version" value="21.0.6"/>
    <property name="user.dir" value="C:\Users\liu lei\testingproject"/>
    <property name="os.arch" value="amd64"/>
    <property name="java.vm.specification.name" value="Java Virtual Machine Specification"/>
    <property name="sun.os.patch.level" value=""/>
    <property name="native.encoding" value="GBK"/>
    <property name="java.library.path" value="C:\Program Files\Java\jdk-21\bin;C:\WINDOWS\Sun\Java\bin;C:\WINDOWS\system32;C:\WINDOWS;C:\Users\liu lei\z3\bin;C:\Users\liu lei\apache-maven-3.9.9\bin;C:\Program Files\Common Files\Oracle\Java\javapath;C:\Program Files\Java\jdk-21\bin;C:\allure\bin;C:\npm;C:\Program Files\Eclipse Adoptium\jdk-8.0.442.6-hotspot\bin;C:\WINDOWS\system32;C:\WINDOWS;C:\WINDOWS\System32\Wbem;C:\WINDOWS\System32\WindowsPowerShell\v1.0\;C:\WINDOWS\System32\OpenSSH\;C:\Program Files\Eclipse Adoptium\jdk-8.0.442.6-hotspot;C:\Program Files\Git\cmd;C:\Users\liu lei\ws\ant\bin;C:\nodejs\;C:\Program Files\Mozilla Firefox\;C:\geckodriver\;C:\ProgramData\chocolatey\bin;C:\Users\liu lei\AppData\Local\Microsoft\WindowsApps;C:\Program Files\JetBrains\IntelliJ IDEA Community Edition 2024.3.2.2\bin;;C:\npm;;."/>
    <property name="java.vm.info" value="mixed mode, sharing"/>
    <property name="stderr.encoding" value="GBK"/>
    <property name="java.vendor" value="Oracle Corporation"/>
    <property name="java.vm.version" value="21.0.6+8-LTS-188"/>
    <property name="sun.io.unicode.encoding" value="UnicodeLittle"/>
    <property name="java.class.version" value="65.0"/>
  </properties>
  <testcase name="testQuadraticConstructor" classname="QuadraticCombinatorialTest" time="0.008"/>
  <testcase name="testExtremeValues" classname="QuadraticCombinatorialTest" time="0.0"/>
  <testcase name="testValidateInputWithNonNumeric" classname="QuadraticCombinatorialTest" time="0.001"/>
  <testcase name="testValidateInputWithEmptyString" classname="QuadraticCombinatorialTest" time="0.0"/>
  <testcase name="testMainMethodWithRetry" classname="QuadraticCombinatorialTest" time="0.004"/>
  <testcase name="testMainMethodWithZeroA" classname="QuadraticCombinatorialTest" time="0.001"/>
  <testcase name="testValidateInputInvalid" classname="QuadraticCombinatorialTest" time="0.0"/>
  <testcase name="runAllTestCases" classname="QuadraticCombinatorialTest" time="0.002"/>
  <testcase name="testValidateInputExtremeValues" classname="QuadraticCombinatorialTest" time="0.001"/>
  <testcase name="testRealRoots" classname="QuadraticCombinatorialTest" time="0.0"/>
  <testcase name="testValidateInputWithLargeNumber" classname="QuadraticCombinatorialTest" time="0.0"/>
  <testcase name="testValidateInputWithExtremeScientificNotation" classname="QuadraticCombinatorialTest" time="0.0"/>
  <testcase name="testZeroCases" classname="QuadraticCombinatorialTest" time="0.0"/>
  <testcase name="testMainMethodOutputFormat" classname="QuadraticCombinatorialTest" time="0.001"/>
  <testcase name="testSqrtPrecision" classname="QuadraticCombinatorialTest" time="0.0"/>
  <testcase name="testSignBehavior" classname="QuadraticCombinatorialTest" time="0.001"/>
  <testcase name="testComplexRoots" classname="QuadraticCombinatorialTest" time="0.0"/>
  <testcase name="testValidateInput" classname="QuadraticCombinatorialTest" time="0.001"/>
  <testcase name="testValidateInputWithIntegerInput" classname="QuadraticCombinatorialTest" time="0.0"/>
</testsuite>